<?xml version="1.0" encoding="UTF-8"?>
<!-- Generated by org.testng.reporters.JUnitReportReporter -->
<testsuite skipped="0" hostname="SSTR0038" name="com.ajmal.testcases.Create_Report_Template_Test" tests="1" failures="0" timestamp="10 Oct 2018 08:26:44 GMT" time="130.168" errors="0">
  <testcase name="createReportTemplateTest" time="130.168" classname="com.ajmal.testcases.Create_Report_Template_Test"/>
</testsuite> <!-- com.ajmal.testcases.Create_Report_Template_Test -->
