<?xml version="1.0" encoding="UTF-8"?>
<!-- Generated by org.testng.reporters.JUnitReportReporter -->
<testsuite skipped="0" hostname="SSTR0038" name="com.ajmal.testcases.EditReportTemplateTest" tests="1" failures="0" timestamp="10 Oct 2018 16:04:39 GMT" time="80.557" errors="0">
  <testcase name="editReportTemplateTest" time="80.557" classname="com.ajmal.testcases.EditReportTemplateTest"/>
</testsuite> <!-- com.ajmal.testcases.EditReportTemplateTest -->
