<?xml version="1.0" encoding="UTF-8"?>
<!-- Generated by org.testng.reporters.JUnitReportReporter -->
<testsuite skipped="0" hostname="SSTR0038" name="com.ajmal.testcases.DeleteReportTemplate" tests="1" failures="0" timestamp="10 Oct 2018 17:56:28 GMT" time="85.875" errors="0">
  <testcase name="editReportTemplateTest" time="85.875" classname="com.ajmal.testcases.DeleteReportTemplate"/>
</testsuite> <!-- com.ajmal.testcases.DeleteReportTemplate -->
