<?xml version="1.0" encoding="UTF-8"?>
<!-- Generated by org.testng.reporters.JUnitReportReporter -->
<testsuite skipped="0" hostname="SSTR0038" name="com.ajmal.testcases.CreateReportTemplateTest" tests="1" failures="0" timestamp="10 Oct 2018 18:09:25 GMT" time="139.208" errors="0">
  <testcase name="createReportTemplateTest" time="139.208" classname="com.ajmal.testcases.CreateReportTemplateTest"/>
</testsuite> <!-- com.ajmal.testcases.CreateReportTemplateTest -->
