<?xml version="1.0" encoding="UTF-8"?>
<!-- Generated by org.testng.reporters.JUnitReportReporter -->
<testsuite skipped="0" hostname="SSTR0038" name="com.ajmal.testcases.AccountHoldingsTest" tests="1" failures="0" timestamp="12 Oct 2018 14:03:33 GMT" time="35.841" errors="0">
  <testcase name="calculateTotalNetworthTest" time="35.841" classname="com.ajmal.testcases.AccountHoldingsTest"/>
</testsuite> <!-- com.ajmal.testcases.AccountHoldingsTest -->
