<?xml version="1.0" encoding="UTF-8"?>
<!-- Generated by org.testng.reporters.JUnitReportReporter -->
<testsuite skipped="0" hostname="SSTR0038" name="com.ajmal.testcases.ReportsTest" tests="4" failures="0" timestamp="12 Oct 2018 14:03:33 GMT" time="101.511" errors="0">
  <testcase name="createReportTemplateTest" time="24.695" classname="com.ajmal.testcases.ReportsTest"/>
  <testcase name="editReportTemplateTest" time="34.328" classname="com.ajmal.testcases.ReportsTest"/>
  <testcase name="copyReportTemplateTest" time="23.962" classname="com.ajmal.testcases.ReportsTest"/>
  <testcase name="deleteReportTemplateTest" time="18.526" classname="com.ajmal.testcases.ReportsTest"/>
</testsuite> <!-- com.ajmal.testcases.ReportsTest -->
