<?xml version="1.0" encoding="UTF-8"?>
<!-- Generated by org.testng.reporters.JUnitReportReporter -->
<testsuite skipped="0" hostname="SSTR0038" name="com.ajmal.testcases.CalculateTotalNetworthTest" tests="1" failures="0" timestamp="12 Oct 2018 10:04:28 GMT" time="112.165" errors="0">
  <testcase name="calculateTotalNetworthTest" time="112.165" classname="com.ajmal.testcases.CalculateTotalNetworthTest"/>
</testsuite> <!-- com.ajmal.testcases.CalculateTotalNetworthTest -->
