<?xml version="1.0" encoding="UTF-8"?>
<!-- Generated by org.testng.reporters.JUnitReportReporter -->
<testsuite skipped="0" hostname="SSTR0038" name="com.ajmal.testcases.CopyReportTemplateTest" tests="1" failures="0" timestamp="10 Oct 2018 18:09:25 GMT" time="84.062" errors="0">
  <testcase name="copyReportTemplateTest" time="84.062" classname="com.ajmal.testcases.CopyReportTemplateTest"/>
</testsuite> <!-- com.ajmal.testcases.CopyReportTemplateTest -->
